2015-07-22 17:17:07,403 INFO  [Basedriver] Home page logo testcase 
2015-07-22 17:17:35,808 INFO  [Basedriver] Home page logo testcase 
2015-07-23 15:31:54,012 INFO  [Basedriver] Testcase Execution starts for click Operation on FOTF Home Page Content 
2015-07-23 15:35:02,694 INFO  [Basedriver] Testcase Execution Ends for click Operation on FOTF Home Page Content 
2015-07-23 15:35:02,695 INFO  [Basedriver] Testcase Execution starts for verify Operation on FOTF Home Page Content 
2015-07-23 15:35:02,930 INFO  [Basedriver] Testcase Execution Ends for verify Operation on FOTF Home Page Content 
2015-07-28 16:12:06,288 INFO  [Basedriver] Testcase Execution starts for click Operation on FOTF Home Page Content 
2015-07-28 16:12:06,937 INFO  [Basedriver] Clicking on the Marriage Channel of FOTF Home page 
2015-07-28 16:12:08,251 INFO  [Basedriver] Clicking on the Parenting Channel of FOTF Home page 
2015-07-28 16:12:11,618 INFO  [Basedriver] Clicking on the Lifechallenges Channel of FOTF Home page 
2015-07-28 16:12:11,981 INFO  [Basedriver] Clicking on the Faith Channel of FOTF Home page 
2015-07-28 16:12:13,419 INFO  [Basedriver] Clicking on the Social Channel of FOTF Home page 
2015-07-28 16:12:13,419 INFO  [Basedriver] Testcase Execution Ends for click Operation on FOTF Home Page Content 
2015-07-28 16:12:13,420 INFO  [Basedriver] Testcase Execution starts for verify Operation on FOTF Home Page Content 
2015-07-28 16:12:15,015 INFO  [Basedriver] FOTF Logo content is available 
2015-07-28 16:12:15,015 INFO  [Basedriver] Testcase Execution Ends for verify Operation on FOTF Home Page Content 
2015-07-28 16:12:15,039 INFO  [Basedriver] Featured image content is available 
2015-07-28 16:25:55,182 INFO  [Basedriver]   
2015-07-28 16:25:55,184 INFO  [Basedriver] TestCase Execution Starts for FOTF Media Center Project 
2015-07-28 16:25:55,194 INFO  [Basedriver] Testcase Execution starts for click Operation on FOTF Home Page Channel Content 
2015-07-28 16:25:55,622 INFO  [Basedriver] Clicking on the Marriage Channel of FOTF Home page 
2015-07-28 16:25:59,797 INFO  [Basedriver] Testcase Execution starts for verify Operation on FOTF Home Page Content 
2015-07-28 16:26:00,799 INFO  [Basedriver] Testcase Execution starts for verify Operation on FOTF Channel Page Featured Content 
2015-07-28 16:28:22,455 INFO  [Basedriver]   
2015-07-28 16:28:22,456 INFO  [Basedriver] TestCase Execution Starts for FOTF Media Center Project 
2015-07-28 16:28:22,464 INFO  [Basedriver] Testcase Execution starts for click Operation on FOTF Home Page Channel Content 
2015-07-28 16:28:23,987 INFO  [Basedriver] Clicking on the Marriage Channel of FOTF Home page 
2015-07-28 16:28:25,485 INFO  [Basedriver] Clicking on the Parenting Channel of FOTF Home page 
2015-07-28 16:28:26,901 INFO  [Basedriver] Clicking on the Lifechallenges Channel of FOTF Home page 
2015-07-28 16:28:28,161 INFO  [Basedriver] Clicking on the Faith Channel of FOTF Home page 
2015-07-28 16:28:29,473 INFO  [Basedriver] Clicking on the Social Channel of FOTF Home page 
2015-07-28 16:28:29,474 INFO  [Basedriver] Testcase Execution starts for verify Operation on FOTF Home Page Content 
2015-07-28 16:28:29,713 INFO  [Basedriver] FOTF Logo content is available 
2015-07-28 16:28:29,713 INFO  [Basedriver] Testcase Execution starts for verify Operation on FOTF Channel Page Featured Content 
2015-07-28 16:28:29,777 ERROR [Basedriver] Featured image content is not available 
2015-07-28 16:28:30,307 INFO  [Basedriver] TestCase Execution Finished for FOTF Media Center Project 
2015-07-28 16:32:52,881 INFO  [Basedriver]   
2015-07-28 16:32:52,882 INFO  [Basedriver] *******************************************************  
2015-07-28 16:32:52,882 INFO  [Basedriver] TestCase Execution Starts for FOTF Media Center Project 
2015-07-28 16:32:52,882 INFO  [Basedriver] *******************************************************  
2015-07-28 16:32:52,882 INFO  [Basedriver]   
2015-07-28 16:32:52,890 INFO  [Basedriver] Testcase Execution starts for click Operation on FOTF Home Page Channel Content 
2015-07-28 16:32:54,407 INFO  [Basedriver] Clicking on the Marriage Channel of FOTF Home page 
2015-07-28 16:35:55,486 INFO  [Basedriver] Clicking on the Parenting Channel of FOTF Home page 
2015-07-28 16:35:55,846 INFO  [Basedriver] Clicking on the Lifechallenges Channel of FOTF Home page 
2015-07-28 16:35:58,320 INFO  [Basedriver] Clicking on the Faith Channel of FOTF Home page 
2015-07-28 16:35:59,624 INFO  [Basedriver] Clicking on the Social Channel of FOTF Home page 
2015-07-28 16:35:59,625 INFO  [Basedriver] Testcase Execution starts for verify Operation on FOTF Home Page Content 
2015-07-28 16:36:00,077 INFO  [Basedriver] FOTF Logo content is available 
2015-07-28 16:36:00,078 INFO  [Basedriver] Testcase Execution starts for verify Operation on FOTF Channel Page Featured Content 
2015-07-28 16:36:00,100 INFO  [Basedriver] Featured image content is available 
2015-07-28 16:36:00,556 INFO  [Basedriver] TestCase Execution Finished for FOTF Media Center Project 
2015-07-28 17:05:19,719 INFO  [Basedriver]   
2015-07-28 17:05:19,720 INFO  [Basedriver] *******************************************************  
2015-07-28 17:05:19,720 INFO  [Basedriver] TestCase Execution Starts for FOTF Media Center Project 
2015-07-28 17:05:19,720 INFO  [Basedriver] *******************************************************  
2015-07-28 17:05:19,720 INFO  [Basedriver]   
2015-07-28 17:05:19,729 INFO  [Basedriver] Testcase Execution starts for click Operation on FOTF Home Page Channel Content 
2015-07-28 17:05:20,281 INFO  [Basedriver] Clicking on the Marriage Channel of FOTF Home page 
2015-07-28 17:05:21,321 INFO  [Basedriver] Navigated to Marriage Channel Page Correctly 
2015-07-28 17:05:21,645 INFO  [Basedriver] Clicking on the Parenting Channel of FOTF Home page 
2015-07-28 17:05:23,113 INFO  [Basedriver] Navigated to Parenting Channel Page Correctly 
2015-07-28 17:05:24,191 INFO  [Basedriver] Clicking on the Lifechallenges Channel of FOTF Home page 
2015-07-28 17:05:24,192 ERROR [Basedriver] Navigating to Wrong Url 
2015-07-28 17:05:24,485 INFO  [Basedriver] Clicking on the Faith Channel of FOTF Home page 
2015-07-28 17:05:24,485 ERROR [Basedriver] Navigating to Wrong Url 
2015-07-28 17:05:25,529 INFO  [Basedriver] Clicking on the Social Channel of FOTF Home page 
2015-07-28 17:05:25,529 ERROR [Basedriver] Navigating to Wrong Url 
2015-07-28 17:05:25,530 INFO  [Basedriver] Testcase Execution starts for verify Operation on FOTF Home Page Content 
2015-07-28 17:05:26,952 INFO  [Basedriver] FOTF Logo content is available 
2015-07-28 17:05:26,953 INFO  [Basedriver] Testcase Execution starts for verify Operation on FOTF Channel Page Featured Content 
2015-07-28 17:05:26,976 INFO  [Basedriver] Featured image content is available 
2015-07-28 17:05:27,459 INFO  [Basedriver] TestCase Execution Finished for FOTF Media Center Project 
2015-07-28 17:05:27,459 INFO  [Basedriver] Closing Driver 
2015-07-28 17:10:10,463 INFO  [Basedriver]   
2015-07-28 17:10:10,465 INFO  [Basedriver] *******************************************************  
2015-07-28 17:10:10,465 INFO  [Basedriver] TestCase Execution Starts for FOTF Media Center Project 
2015-07-28 17:10:10,465 INFO  [Basedriver] *******************************************************  
2015-07-28 17:10:10,465 INFO  [Basedriver]   
2015-07-28 17:10:10,473 INFO  [Basedriver] Testcase Execution starts for click Operation on FOTF Home Page Channel Content 
2015-07-28 17:10:10,859 INFO  [Basedriver] Clicking on the Marriage Channel of FOTF Home page 
2015-07-28 17:10:11,846 INFO  [Basedriver] Navigated to Marriage Channel Page Correctly 
2015-07-28 17:10:12,000 INFO  [Basedriver] Clicking on the Parenting Channel of FOTF Home page 
2015-07-28 17:10:13,362 INFO  [Basedriver] Navigated to Parenting Channel Page Correctly 
2015-07-28 17:10:13,523 INFO  [Basedriver] Clicking on the Lifechallenges Channel of FOTF Home page 
2015-07-28 17:10:13,524 ERROR [Basedriver] Navigating to Wrong Url 
2015-07-28 17:10:13,524 ERROR [Basedriver] URL: http://www.focusonthefamily.com/parenting 
2015-07-28 17:10:15,691 INFO  [Basedriver] Clicking on the Faith Channel of FOTF Home page 
2015-07-28 17:10:15,691 ERROR [Basedriver] Navigating to Wrong Url 
2015-07-28 17:10:17,062 INFO  [Basedriver] Clicking on the Social Channel of FOTF Home page 
2015-07-28 17:10:17,062 ERROR [Basedriver] Navigating to Wrong Url 
2015-07-28 17:10:17,062 ERROR [Basedriver] URL: http://www.focusonthefamily.com/parenting 
2015-07-28 17:10:17,063 INFO  [Basedriver] Testcase Execution starts for verify Operation on FOTF Home Page Content 
2015-07-28 17:10:17,364 INFO  [Basedriver] FOTF Logo content is available 
2015-07-28 17:10:17,365 INFO  [Basedriver] Testcase Execution starts for verify Operation on FOTF Channel Page Featured Content 
2015-07-28 17:10:17,388 INFO  [Basedriver] Featured image content is available 
2015-07-28 17:10:17,921 INFO  [Basedriver] TestCase Execution Finished for FOTF Media Center Project 
2015-07-28 17:10:17,922 INFO  [Basedriver] Closing Driver 
2015-07-28 17:12:21,709 INFO  [Basedriver]   
2015-07-28 17:12:21,710 INFO  [Basedriver] *******************************************************  
2015-07-28 17:12:21,710 INFO  [Basedriver] TestCase Execution Starts for FOTF Media Center Project 
2015-07-28 17:12:21,710 INFO  [Basedriver] *******************************************************  
2015-07-28 17:12:21,710 INFO  [Basedriver]   
2015-07-28 17:12:21,718 INFO  [Basedriver] Testcase Execution starts for click Operation on FOTF Home Page Channel Content 
2015-07-28 17:12:22,189 INFO  [Basedriver] Clicking on the Marriage Channel of FOTF Home page 
2015-07-28 17:12:23,439 INFO  [Basedriver] Navigated to Marriage Channel Page Correctly 
2015-07-28 17:12:23,521 INFO  [Basedriver] Clicking on the Parenting Channel of FOTF Home page 
2015-07-28 17:12:24,866 INFO  [Basedriver] Navigated to Parenting Channel Page Correctly 
2015-07-28 17:12:25,852 INFO  [Basedriver] Clicking on the Lifechallenges Channel of FOTF Home page 
2015-07-28 17:12:25,853 ERROR [Basedriver] Navigating to Wrong Url 
2015-07-28 17:12:25,853 ERROR [Basedriver] URL: http://www.focusonthefamily.com/parenting 
2015-07-28 17:12:27,061 INFO  [Basedriver] Clicking on the Faith Channel of FOTF Home page 
2015-07-28 17:12:27,061 ERROR [Basedriver] Navigating to Wrong Url 
2015-07-28 17:12:27,061 ERROR [Basedriver] URL: http://www.focusonthefamily.com/parenting 
2015-07-28 17:12:27,346 INFO  [Basedriver] Clicking on the Social Channel of FOTF Home page 
2015-07-28 17:12:27,346 ERROR [Basedriver] Navigating to Wrong Url 
2015-07-28 17:12:27,346 ERROR [Basedriver] URL: http://www.focusonthefamily.com/parenting 
2015-07-28 17:12:27,347 INFO  [Basedriver] Testcase Execution starts for verify Operation on FOTF Home Page Content 
2015-07-28 17:12:28,734 INFO  [Basedriver] FOTF Logo content is available 
2015-07-28 17:12:28,734 INFO  [Basedriver] Testcase Execution starts for verify Operation on FOTF Channel Page Featured Content 
2015-07-28 17:12:28,759 INFO  [Basedriver] Featured image content is available 
2015-07-28 17:12:29,212 INFO  [Basedriver] TestCase Execution Finished for FOTF Media Center Project 
2015-07-28 17:12:29,212 INFO  [Basedriver] Closing Driver 
2015-07-28 17:18:57,151 INFO  [Basedriver]   
2015-07-28 17:18:57,152 INFO  [Basedriver] *******************************************************  
2015-07-28 17:18:57,152 INFO  [Basedriver] TestCase Execution Starts for FOTF Media Center Project 
2015-07-28 17:18:57,152 INFO  [Basedriver] *******************************************************  
2015-07-28 17:18:57,152 INFO  [Basedriver]   
2015-07-28 17:18:57,160 INFO  [Basedriver] Testcase Execution starts for click Operation on FOTF Home Page Channel Content 
2015-07-28 17:18:58,587 INFO  [Basedriver] Clicking on the Marriage Channel of FOTF Home page 
2015-07-28 17:18:58,702 INFO  [Basedriver] Navigated to Marriage Channel Page Correctly 
2015-07-28 17:18:58,792 INFO  [Basedriver] Clicking on the Parenting Channel of FOTF Home page 
2015-07-28 17:19:00,054 INFO  [Basedriver] Navigated to Parenting Channel Page Correctly 
2015-07-28 17:19:00,181 INFO  [Basedriver] Clicking on the Lifechallenges Channel of FOTF Home page 
2015-07-28 17:19:00,182 ERROR [Basedriver] Navigating to Wrong Url 
2015-07-28 17:19:00,182 ERROR [Basedriver] URL: http://www.focusonthefamily.com/parenting 
2015-07-28 17:19:01,440 INFO  [Basedriver] Clicking on the Faith Channel of FOTF Home page 
2015-07-28 17:19:01,440 ERROR [Basedriver] Navigating to Wrong Url 
2015-07-28 17:19:01,440 ERROR [Basedriver] URL: http://www.focusonthefamily.com/parenting 
2015-07-28 17:19:04,069 INFO  [Basedriver] Clicking on the Social Channel of FOTF Home page 
2015-07-28 17:19:04,069 ERROR [Basedriver] Navigating to Wrong Url 
2015-07-28 17:19:04,069 ERROR [Basedriver] URL: http://www.focusonthefamily.com/parenting 
2015-07-28 17:19:04,070 INFO  [Basedriver] Testcase Execution starts for verify Operation on FOTF Home Page Content 
2015-07-28 17:19:04,205 INFO  [Basedriver] FOTF Logo content is available 
2015-07-28 17:19:04,206 INFO  [Basedriver] Testcase Execution starts for verify Operation on FOTF Channel Page Featured Content 
2015-07-28 17:19:04,232 INFO  [Basedriver] Featured image content is available 
2015-07-28 17:19:04,741 INFO  [Basedriver] TestCase Execution Finished for FOTF Media Center Project 
2015-07-28 17:19:04,741 INFO  [Basedriver] Closing Driver 
2015-07-28 17:24:23,209 INFO  [Basedriver]   
2015-07-28 17:24:23,210 INFO  [Basedriver] *******************************************************  
2015-07-28 17:24:23,210 INFO  [Basedriver] TestCase Execution Starts for FOTF Media Center Project 
2015-07-28 17:24:23,210 INFO  [Basedriver] *******************************************************  
2015-07-28 17:24:23,210 INFO  [Basedriver]   
2015-07-28 17:24:23,248 INFO  [Basedriver] Testcase Execution starts for click Operation on FOTF Home Page Channel Content 
2015-07-28 17:24:23,435 INFO  [Basedriver] Clicking on the Marriage Channel of FOTF Home page 
2015-07-28 17:24:24,780 INFO  [Basedriver] Navigated to Marriage Channel Page Correctly 
2015-07-28 17:24:26,128 INFO  [Basedriver] Clicking on the Parenting Channel of FOTF Home page 
2015-07-28 17:24:26,340 INFO  [Basedriver] Navigated to Parenting Channel Page Correctly 
2015-07-28 17:24:27,580 INFO  [Basedriver] Clicking on the Lifechallenges Channel of FOTF Home page 
2015-07-28 17:24:27,581 ERROR [Basedriver] Navigating to Wrong Url 
2015-07-28 17:24:27,581 ERROR [Basedriver] URL: http://www.focusonthefamily.com/parenting 
2015-07-28 17:24:28,857 INFO  [Basedriver] Clicking on the Faith Channel of FOTF Home page 
2015-07-28 17:24:28,858 ERROR [Basedriver] Navigating to Wrong Url 
2015-07-28 17:24:28,858 ERROR [Basedriver] URL: http://www.focusonthefamily.com/parenting 
2015-07-28 17:24:30,331 INFO  [Basedriver] Clicking on the Social Channel of FOTF Home page 
2015-07-28 17:24:30,331 ERROR [Basedriver] Navigating to Wrong Url 
2015-07-28 17:24:30,331 ERROR [Basedriver] URL: http://www.focusonthefamily.com/parenting 
2015-07-28 17:24:30,333 INFO  [Basedriver] Testcase Execution starts for verify Operation on FOTF Home Page Content 
2015-07-28 17:24:30,566 INFO  [Basedriver] FOTF Logo content is available 
2015-07-28 17:24:30,569 INFO  [Basedriver] Testcase Execution starts for verify Operation on FOTF Channel Page Featured Content 
2015-07-28 17:24:30,597 INFO  [Basedriver] Featured image content is available 
2015-07-28 17:24:31,168 INFO  [Basedriver] TestCase Execution Finished for FOTF Media Center Project 
2015-07-28 17:24:31,169 INFO  [Basedriver] Closing Driver 
2015-07-28 17:26:41,150 INFO  [Basedriver]   
2015-07-28 17:26:41,152 INFO  [Basedriver] *******************************************************  
2015-07-28 17:26:41,152 INFO  [Basedriver] TestCase Execution Starts for FOTF Media Center Project 
2015-07-28 17:26:41,152 INFO  [Basedriver] *******************************************************  
2015-07-28 17:26:41,152 INFO  [Basedriver]   
2015-07-28 17:26:41,167 INFO  [Basedriver] Testcase Execution starts for click Operation on FOTF Home Page Channel Content 
2015-07-28 17:26:42,557 INFO  [Basedriver] Clicking on the Marriage Channel of FOTF Home page 
2015-07-28 17:26:42,675 INFO  [Basedriver] Navigated to Marriage Channel Page Correctly 
2015-07-28 17:26:43,986 INFO  [Basedriver] Clicking on the Parenting Channel of FOTF Home page 
2015-07-28 17:26:44,198 INFO  [Basedriver] Navigated to Parenting Channel Page Correctly 
2015-07-28 17:26:45,289 INFO  [Basedriver] Clicking on the Lifechallenges Channel of FOTF Home page 
2015-07-28 17:26:45,290 ERROR [Basedriver] Navigating to Wrong Url 
2015-07-28 17:26:45,290 ERROR [Basedriver] URL: http://www.focusonthefamily.com/parenting 
2015-07-28 17:26:46,596 INFO  [Basedriver] Clicking on the Faith Channel of FOTF Home page 
2015-07-28 17:26:46,596 ERROR [Basedriver] Navigating to Wrong Url 
2015-07-28 17:26:46,596 ERROR [Basedriver] URL: http://www.focusonthefamily.com/parenting 
2015-07-28 17:26:48,201 INFO  [Basedriver] Clicking on the Social Channel of FOTF Home page 
2015-07-28 17:26:48,201 ERROR [Basedriver] Navigating to Wrong Url 
2015-07-28 17:26:48,201 ERROR [Basedriver] URL: http://www.focusonthefamily.com/parenting 
2015-07-28 17:26:48,203 INFO  [Basedriver] Testcase Execution starts for verify Operation on FOTF Home Page Content 
2015-07-28 17:26:48,432 INFO  [Basedriver] FOTF Logo content is available 
2015-07-28 17:26:48,434 INFO  [Basedriver] Testcase Execution starts for verify Operation on FOTF Channel Page Featured Content 
2015-07-28 17:26:48,460 INFO  [Basedriver] Featured image content is available 
2015-07-28 17:26:49,041 INFO  [Basedriver] TestCase Execution Finished for FOTF Media Center Project 
2015-07-28 17:26:49,042 INFO  [Basedriver] Closing Driver 
2015-07-28 17:28:25,047 INFO  [Basedriver]   
2015-07-28 17:28:25,048 INFO  [Basedriver] *******************************************************  
2015-07-28 17:28:25,048 INFO  [Basedriver] TestCase Execution Starts for FOTF Media Center Project 
2015-07-28 17:28:25,048 INFO  [Basedriver] *******************************************************  
2015-07-28 17:28:25,048 INFO  [Basedriver]   
2015-07-28 17:28:25,063 INFO  [Basedriver] Testcase Execution starts for click Operation on FOTF Home Page Channel Content 
2015-07-28 17:28:26,294 INFO  [Basedriver] Clicking on the Marriage Channel of FOTF Home page 
2015-07-28 17:28:26,525 INFO  [Basedriver] Navigated to Marriage Channel Page Correctly 
2015-07-28 17:28:27,834 INFO  [Basedriver] Clicking on the Parenting Channel of FOTF Home page 
2015-07-28 17:28:27,952 INFO  [Basedriver] Navigated to Parenting Channel Page Correctly 
2015-07-28 17:28:29,215 INFO  [Basedriver] Clicking on the Lifechallenges Channel of FOTF Home page 
2015-07-28 17:28:29,446 INFO  [Basedriver] Navigated to LifeChallenges Channel Page Correctly 
2015-07-28 17:28:30,507 INFO  [Basedriver] Clicking on the Faith Channel of FOTF Home page 
2015-07-28 17:28:30,742 INFO  [Basedriver] Navigated to Faith Channel Page Correctly 
2015-07-28 17:28:30,828 INFO  [Basedriver] Clicking on the Social Channel of FOTF Home page 
2015-07-28 17:28:32,284 INFO  [Basedriver] Navigated to Social Channel Page Correctly 
2015-07-28 17:28:32,286 INFO  [Basedriver] Testcase Execution starts for verify Operation on FOTF Home Page Content 
2015-07-28 17:28:32,315 INFO  [Basedriver] FOTF Logo content is available 
2015-07-28 17:28:32,316 INFO  [Basedriver] Testcase Execution starts for verify Operation on FOTF Channel Page Featured Content 
2015-07-28 17:28:32,341 INFO  [Basedriver] Featured image content is available 
2015-07-28 17:28:32,887 INFO  [Basedriver] TestCase Execution Finished for FOTF Media Center Project 
2015-07-28 17:28:32,888 INFO  [Basedriver] Closing Driver 
2015-07-28 17:31:00,208 INFO  [Basedriver]   
2015-07-28 17:31:00,209 INFO  [Basedriver] *******************************************************  
2015-07-28 17:31:00,209 INFO  [Basedriver] TestCase Execution Starts for FOTF Media Center Project 
2015-07-28 17:31:00,209 INFO  [Basedriver] *******************************************************  
2015-07-28 17:31:00,209 INFO  [Basedriver]   
2015-07-28 17:31:00,224 INFO  [Basedriver] Testcase Execution starts for click Operation on FOTF Home Page Channel Content 
2015-07-28 17:31:01,564 INFO  [Basedriver] Clicking on the Marriage Channel of FOTF Home page 
2015-07-28 17:31:01,701 INFO  [Basedriver] Navigated to Marriage Channel Page Correctly 
2015-07-28 17:31:01,828 INFO  [Basedriver] Clicking on the Parenting Channel of FOTF Home page 
2015-07-28 17:31:03,161 INFO  [Basedriver] Navigated to Parenting Channel Page Correctly 
2015-07-28 17:31:04,286 INFO  [Basedriver] Clicking on the Lifechallenges Channel of FOTF Home page 
2015-07-28 17:31:04,498 INFO  [Basedriver] Navigated to LifeChallenges Channel Page Correctly 
2015-07-28 17:31:05,547 INFO  [Basedriver] Clicking on the Faith Channel of FOTF Home page 
2015-07-28 17:31:05,584 INFO  [Basedriver] Navigated to Faith Channel Page Correctly 
2015-07-28 17:31:06,983 INFO  [Basedriver] Clicking on the Social Channel of FOTF Home page 
2015-07-28 17:31:07,235 INFO  [Basedriver] Navigated to Social Channel Page Correctly 
2015-07-28 17:31:07,237 INFO  [Basedriver] Testcase Execution starts for verify Operation on FOTF Home Page Content 
2015-07-28 17:31:07,268 INFO  [Basedriver] FOTF Logo content is available 
2015-07-28 17:31:07,270 INFO  [Basedriver] Testcase Execution starts for verify Operation on FOTF Channel Page Featured Content 
2015-07-28 17:31:07,303 INFO  [Basedriver] Featured image content is available 
2015-07-28 17:31:07,334 INFO  [Basedriver] TestCase Execution Finished for FOTF Media Center Project 
2015-07-28 17:31:07,334 INFO  [Basedriver] Closing Driver 
2015-07-28 17:31:39,869 INFO  [Basedriver]   
2015-07-28 17:31:39,870 INFO  [Basedriver] *******************************************************  
2015-07-28 17:31:39,870 INFO  [Basedriver] TestCase Execution Starts for FOTF Media Center Project 
2015-07-28 17:31:39,870 INFO  [Basedriver] *******************************************************  
2015-07-28 17:31:39,870 INFO  [Basedriver]   
2015-07-28 17:31:39,885 INFO  [Basedriver] Testcase Execution starts for click Operation on FOTF Home Page Channel Content 
2015-07-28 17:31:40,088 INFO  [Basedriver] Clicking on the Marriage Channel of FOTF Home page 
2015-07-28 17:32:31,710 INFO  [Basedriver] Navigated to Marriage Channel Page Correctly 
2015-07-28 17:32:31,810 INFO  [Basedriver] Clicking on the Parenting Channel of FOTF Home page 
2015-07-28 17:32:33,299 INFO  [Basedriver] Navigated to Parenting Channel Page Correctly 
2015-07-28 17:32:34,344 INFO  [Basedriver] Clicking on the Lifechallenges Channel of FOTF Home page 
2015-07-28 17:32:34,576 INFO  [Basedriver] Navigated to LifeChallenges Channel Page Correctly 
2015-07-28 17:32:35,625 INFO  [Basedriver] Clicking on the Faith Channel of FOTF Home page 
2015-07-28 17:32:35,754 INFO  [Basedriver] Navigated to Faith Channel Page Correctly 
2015-07-28 17:32:36,912 INFO  [Basedriver] Clicking on the Social Channel of FOTF Home page 
2015-07-28 17:32:36,956 INFO  [Basedriver] Navigated to Social Channel Page Correctly 
2015-07-28 17:32:36,961 INFO  [Basedriver] Testcase Execution starts for verify Operation on FOTF Home Page Content 
2015-07-28 17:32:37,098 INFO  [Basedriver] FOTF Logo content is available 
2015-07-28 17:32:37,110 INFO  [Basedriver] Testcase Execution starts for verify Operation on FOTF Channel Page Featured Content 
2015-07-28 17:32:37,139 INFO  [Basedriver] Featured image content is available 
2015-07-28 17:32:37,179 INFO  [Basedriver] TestCase Execution Finished for FOTF Media Center Project 
2015-07-28 17:32:37,179 INFO  [Basedriver] Closing Driver 
2015-08-03 16:24:18,644 INFO  [Basedriver]   
2015-08-03 16:24:18,644 INFO  [Basedriver] *******************************************************  
2015-08-03 16:24:18,644 INFO  [Basedriver] TestCase Execution Starts for FOTF Media Center Project 
2015-08-03 16:24:18,644 INFO  [Basedriver] *******************************************************  
2015-08-03 16:24:18,644 INFO  [Basedriver]   
2015-08-03 16:24:18,805 INFO  [Basedriver] TestCase Execution Finished for FOTF Media Center Project 
2015-08-03 16:24:18,805 INFO  [Basedriver] Closing Driver 
2015-08-03 16:56:20,124 INFO  [Basedriver]   
2015-08-03 16:56:20,144 INFO  [Basedriver] *******************************************************  
2015-08-03 16:56:20,144 INFO  [Basedriver] TestCase Execution Starts for FOTF Media Center Project 
2015-08-03 16:56:20,144 INFO  [Basedriver] *******************************************************  
2015-08-03 16:56:20,144 INFO  [Basedriver]   
2015-08-03 16:56:20,225 INFO  [Basedriver] TestCase Execution Finished for FOTF Media Center Project 
2015-08-03 16:56:20,225 INFO  [Basedriver] Closing Driver 
2015-08-03 17:02:25,537 INFO  [Basedriver]   
2015-08-03 17:02:25,537 INFO  [Basedriver] *******************************************************  
2015-08-03 17:02:25,537 INFO  [Basedriver] TestCase Execution Starts for FOTF Media Center Project 
2015-08-03 17:02:25,537 INFO  [Basedriver] *******************************************************  
2015-08-03 17:02:25,537 INFO  [Basedriver]   
2015-08-03 17:02:25,577 INFO  [Basedriver] TestCase Execution Finished for FOTF Media Center Project 
2015-08-03 17:02:25,577 INFO  [Basedriver] Closing Driver 
2015-08-03 21:57:12,532 INFO  [Basedriver]   
2015-08-03 21:57:12,562 INFO  [Basedriver] *******************************************************  
2015-08-03 21:57:12,562 INFO  [Basedriver] TestCase Execution Starts for FOTF Media Center Project 
2015-08-03 21:57:12,562 INFO  [Basedriver] *******************************************************  
2015-08-03 21:57:12,562 INFO  [Basedriver]   
2015-08-03 21:57:12,963 INFO  [Basedriver] TestCase Execution Finished for FOTF Media Center Project 
2015-08-03 21:57:12,963 INFO  [Basedriver] Closing Driver 
2015-08-03 21:59:07,342 INFO  [Basedriver]   
2015-08-03 21:59:07,342 INFO  [Basedriver] *******************************************************  
2015-08-03 21:59:07,342 INFO  [Basedriver] TestCase Execution Starts for FOTF Media Center Project 
2015-08-03 21:59:07,342 INFO  [Basedriver] *******************************************************  
2015-08-03 21:59:07,342 INFO  [Basedriver]   
2015-08-03 21:59:07,395 INFO  [Basedriver] TestCase Execution Finished for FOTF Media Center Project 
2015-08-03 21:59:07,395 INFO  [Basedriver] Closing Driver 
2015-08-03 22:00:58,837 INFO  [Basedriver]   
2015-08-03 22:00:58,837 INFO  [Basedriver] *******************************************************  
2015-08-03 22:00:58,837 INFO  [Basedriver] TestCase Execution Starts for FOTF Media Center Project 
2015-08-03 22:00:58,837 INFO  [Basedriver] *******************************************************  
2015-08-03 22:00:58,837 INFO  [Basedriver]   
2015-08-03 22:00:58,867 INFO  [Basedriver] Testcase Execution starts for verify Operation on FOTF Channel Page Featured Content 
2015-08-03 22:01:09,028 INFO  [Basedriver] TestCase Execution Finished for FOTF Media Center Project 
2015-08-03 22:01:09,028 INFO  [Basedriver] Closing Driver 
2015-08-03 22:02:51,184 INFO  [Basedriver]   
2015-08-03 22:02:51,184 INFO  [Basedriver] *******************************************************  
2015-08-03 22:02:51,184 INFO  [Basedriver] TestCase Execution Starts for FOTF Media Center Project 
2015-08-03 22:02:51,184 INFO  [Basedriver] *******************************************************  
2015-08-03 22:02:51,184 INFO  [Basedriver]   
2015-08-03 22:02:51,204 INFO  [Basedriver] Testcase Execution starts for verify Operation on FOTF Channel Page Featured Content 
2015-08-03 22:03:01,436 INFO  [Basedriver] TestCase Execution Finished for FOTF Media Center Project 
2015-08-03 22:03:01,436 INFO  [Basedriver] Closing Driver 
2015-08-03 22:07:25,512 INFO  [Basedriver]   
2015-08-03 22:07:25,512 INFO  [Basedriver] *******************************************************  
2015-08-03 22:07:25,512 INFO  [Basedriver] TestCase Execution Starts for FOTF Media Center Project 
2015-08-03 22:07:25,512 INFO  [Basedriver] *******************************************************  
2015-08-03 22:07:25,512 INFO  [Basedriver]   
2015-08-03 22:07:25,542 INFO  [Basedriver] Testcase Execution starts for verify Operation on FOTF Channel Page Featured Content 
2015-08-03 22:07:25,653 ERROR [Basedriver] Featured image content is not available 
2015-08-03 22:07:25,733 INFO  [Basedriver] TestCase Execution Finished for FOTF Media Center Project 
2015-08-03 22:07:25,733 INFO  [Basedriver] Closing Driver 
2015-08-03 22:11:21,966 INFO  [Basedriver]   
2015-08-03 22:11:21,966 INFO  [Basedriver] *******************************************************  
2015-08-03 22:11:21,966 INFO  [Basedriver] TestCase Execution Starts for FOTF Media Center Project 
2015-08-03 22:11:21,966 INFO  [Basedriver] *******************************************************  
2015-08-03 22:11:21,966 INFO  [Basedriver]   
2015-08-03 22:11:21,986 INFO  [Basedriver] Testcase Execution starts for verify Operation on FOTF Channel Page Featured Content 
2015-08-03 22:11:22,128 ERROR [Basedriver] Featured image content is not available 
2015-08-03 22:11:22,158 INFO  [Basedriver] TestCase Execution Finished for FOTF Media Center Project 
2015-08-03 22:11:22,158 INFO  [Basedriver] Closing Driver 
2015-08-03 22:14:48,760 INFO  [Basedriver]   
2015-08-03 22:14:48,761 INFO  [Basedriver] *******************************************************  
2015-08-03 22:14:48,761 INFO  [Basedriver] TestCase Execution Starts for FOTF Media Center Project 
2015-08-03 22:14:48,761 INFO  [Basedriver] *******************************************************  
2015-08-03 22:14:48,761 INFO  [Basedriver]   
2015-08-03 22:14:48,791 INFO  [Basedriver] Testcase Execution starts for verify Operation on FOTF Home Page Content 
2015-08-03 22:14:48,896 INFO  [Basedriver] FOTF Logo content is available 
2015-08-03 22:14:48,926 INFO  [Basedriver] TestCase Execution Finished for FOTF Media Center Project 
2015-08-03 22:14:48,926 INFO  [Basedriver] Closing Driver 
2015-08-04 15:22:14,796 INFO  [Basedriver]   
2015-08-04 15:22:14,796 INFO  [Basedriver] *******************************************************  
2015-08-04 15:22:14,796 INFO  [Basedriver] TestCase Execution Starts for FOTF Media Center Project 
2015-08-04 15:22:14,796 INFO  [Basedriver] *******************************************************  
2015-08-04 15:22:14,796 INFO  [Basedriver]   
2015-08-04 15:22:14,826 INFO  [Basedriver] Testcase Execution starts for verify Operation on FOTF Home Page Content 
2015-08-04 15:22:14,967 INFO  [Basedriver] FOTF Logo content is available 
2015-08-04 15:22:15,397 INFO  [Basedriver] TestCase Execution Finished for FOTF Media Center Project 
2015-08-04 15:22:15,397 INFO  [Basedriver] Closing Driver 
2015-08-04 15:25:04,091 INFO  [Basedriver]   
2015-08-04 15:25:04,091 INFO  [Basedriver] *******************************************************  
2015-08-04 15:25:04,101 INFO  [Basedriver] TestCase Execution Starts for FOTF Media Center Project 
2015-08-04 15:25:04,101 INFO  [Basedriver] *******************************************************  
2015-08-04 15:25:04,101 INFO  [Basedriver]   
2015-08-04 15:29:23,514 INFO  [Basedriver]   
2015-08-04 15:29:23,514 INFO  [Basedriver] *******************************************************  
2015-08-04 15:29:23,514 INFO  [Basedriver] TestCase Execution Starts for FOTF Media Center Project 
2015-08-04 15:29:23,514 INFO  [Basedriver] *******************************************************  
2015-08-04 15:29:23,514 INFO  [Basedriver]   
2015-08-04 15:31:12,333 INFO  [Basedriver]   
2015-08-04 15:31:12,333 INFO  [Basedriver] *******************************************************  
2015-08-04 15:31:12,333 INFO  [Basedriver] TestCase Execution Starts for FOTF Media Center Project 
2015-08-04 15:31:12,333 INFO  [Basedriver] *******************************************************  
2015-08-04 15:31:12,333 INFO  [Basedriver]   
2015-08-04 15:31:12,353 INFO  [Basedriver] Testcase Execution starts for verify Operation on FOTF Home Page Content 
2015-08-04 15:31:12,453 INFO  [Basedriver] FOTF Logo content is available 
2015-08-04 15:31:12,493 INFO  [Basedriver] TestCase Execution Finished for FOTF Media Center Project 
2015-08-04 15:31:12,493 INFO  [Basedriver] Closing Driver 
2015-08-04 15:44:15,746 INFO  [Basedriver]   
2015-08-04 15:44:15,746 INFO  [Basedriver] *******************************************************  
2015-08-04 15:44:15,746 INFO  [Basedriver] TestCase Execution Starts for FOTF Media Center Project 
2015-08-04 15:44:15,746 INFO  [Basedriver] *******************************************************  
2015-08-04 15:44:15,746 INFO  [Basedriver]   
2015-08-04 15:44:15,776 INFO  [Basedriver] Testcase Execution starts for verify Operation on FOTF Home Page Content 
2015-08-04 15:44:17,534 INFO  [Basedriver] FOTF Logo content is available 
2015-08-04 15:44:17,584 INFO  [Basedriver] TestCase Execution Finished for FOTF Media Center Project 
2015-08-04 15:44:17,584 INFO  [Basedriver] Closing Driver 
2015-08-04 15:48:03,111 INFO  [Basedriver]   
2015-08-04 15:48:03,111 INFO  [Basedriver] *******************************************************  
2015-08-04 15:48:03,111 INFO  [Basedriver] TestCase Execution Starts for FOTF Media Center Project 
2015-08-04 15:48:03,111 INFO  [Basedriver] *******************************************************  
2015-08-04 15:48:03,111 INFO  [Basedriver]   
2015-08-04 15:48:03,131 INFO  [Basedriver] Testcase Execution starts for verify Operation on FOTF Home Page Content 
2015-08-04 15:48:03,223 INFO  [Basedriver] FOTF Logo content is available 
2015-08-04 15:48:03,293 INFO  [Basedriver] TestCase Execution Finished for FOTF Media Center Project 
2015-08-04 15:48:03,293 INFO  [Basedriver] Closing Driver 
2015-08-04 16:13:55,701 INFO  [Basedriver]   
2015-08-04 16:13:55,701 INFO  [Basedriver] *******************************************************  
2015-08-04 16:13:55,701 INFO  [Basedriver] TestCase Execution Starts for FOTF Media Center Project 
2015-08-04 16:13:55,701 INFO  [Basedriver] *******************************************************  
2015-08-04 16:13:55,701 INFO  [Basedriver]   
2015-08-04 16:13:55,801 INFO  [Basedriver] TestCase Execution Finished for FOTF Media Center Project 
2015-08-04 16:13:55,801 INFO  [Basedriver] Closing Driver 
2015-08-04 16:20:03,737 INFO  [Basedriver]   
2015-08-04 16:20:03,737 INFO  [Basedriver] *******************************************************  
2015-08-04 16:20:03,737 INFO  [Basedriver] TestCase Execution Starts for FOTF Media Center Project 
2015-08-04 16:20:03,737 INFO  [Basedriver] *******************************************************  
2015-08-04 16:20:03,737 INFO  [Basedriver]   
2015-08-04 16:20:03,777 INFO  [Basedriver] TestCase Execution Finished for FOTF Media Center Project 
2015-08-04 16:20:03,787 INFO  [Basedriver] Closing Driver 
2015-08-04 16:23:51,615 INFO  [Basedriver]   
2015-08-04 16:23:51,615 INFO  [Basedriver] *******************************************************  
2015-08-04 16:23:51,615 INFO  [Basedriver] TestCase Execution Starts for FOTF Media Center Project 
2015-08-04 16:23:51,615 INFO  [Basedriver] *******************************************************  
2015-08-04 16:23:51,615 INFO  [Basedriver]   
2015-08-04 16:23:51,645 INFO  [Basedriver] TestCase Execution Finished for FOTF Media Center Project 
2015-08-04 16:23:51,645 INFO  [Basedriver] Closing Driver 
2015-08-04 16:24:42,854 INFO  [Basedriver]   
2015-08-04 16:24:42,854 INFO  [Basedriver] *******************************************************  
2015-08-04 16:24:42,854 INFO  [Basedriver] TestCase Execution Starts for FOTF Media Center Project 
2015-08-04 16:24:42,854 INFO  [Basedriver] *******************************************************  
2015-08-04 16:24:42,854 INFO  [Basedriver]   
2015-08-04 16:24:42,894 INFO  [Basedriver] TestCase Execution Finished for FOTF Media Center Project 
2015-08-04 16:24:42,894 INFO  [Basedriver] Closing Driver 
2015-08-06 18:34:25,286 INFO  [Basedriver]   
2015-08-06 18:34:25,306 INFO  [Basedriver] *******************************************************  
2015-08-06 18:34:25,306 INFO  [Basedriver] TestCase Execution Starts for FOTF Media Center Project 
2015-08-06 18:34:25,306 INFO  [Basedriver] *******************************************************  
2015-08-06 18:34:25,306 INFO  [Basedriver]   
2015-08-06 18:34:25,316 INFO  [Basedriver] Testcase Execution starts for verify Operation on FOTF Home Page Content 
2015-08-06 18:34:25,435 INFO  [Basedriver] FOTF Logo content is available 
2015-08-06 18:34:25,436 INFO  [Basedriver] Testcase Execution starts for click Operation on FOTF Home Page Channel Content 
2015-08-06 18:34:25,656 INFO  [Basedriver] Clicking on the Marriage Channel of FOTF Home page 
2015-08-06 18:34:29,854 INFO  [Basedriver] Navigated to Marriage Channel Page Correctly 
2015-08-06 18:34:30,052 INFO  [Basedriver] Clicking on the Parenting Channel of FOTF Home page 
2015-08-06 18:34:36,193 INFO  [Basedriver] Navigated to Parenting Channel Page Correctly 
2015-08-06 18:34:36,410 INFO  [Basedriver] Clicking on the Lifechallenges Channel of FOTF Home page 
2015-08-06 18:34:39,529 INFO  [Basedriver] Navigated to LifeChallenges Channel Page Correctly 
2015-08-06 18:34:39,709 INFO  [Basedriver] Clicking on the Faith Channel of FOTF Home page 
2015-08-06 18:34:45,280 INFO  [Basedriver] Navigated to Faith Channel Page Correctly 
2015-08-06 18:34:45,434 INFO  [Basedriver] Clicking on the Social Channel of FOTF Home page 
2015-08-06 18:34:50,293 INFO  [Basedriver] Navigated to Social Channel Page Correctly 
2015-08-06 18:34:50,295 INFO  [Basedriver] Testcase Execution starts for verify Operation on FOTF Channel Page Featured Content 
2015-08-06 18:35:00,511 INFO  [Basedriver] Testcase Execution starts for verify Operation on FOTF Home Page Content 
2015-08-06 18:35:00,569 INFO  [Basedriver] FOTF Logo content is available 
2015-08-06 18:35:00,570 INFO  [Basedriver] Testcase Execution starts for click Operation on FOTF Home Page Channel Content 
2015-08-06 18:35:00,795 INFO  [Basedriver] Clicking on the Marriage Channel of FOTF Home page 
2015-08-06 18:35:02,873 INFO  [Basedriver] Navigated to Marriage Channel Page Correctly 
2015-08-06 18:35:04,120 INFO  [Basedriver] Clicking on the Parenting Channel of FOTF Home page 
2015-08-06 18:35:07,455 INFO  [Basedriver] Navigated to Parenting Channel Page Correctly 
2015-08-06 18:35:07,628 INFO  [Basedriver] Clicking on the Lifechallenges Channel of FOTF Home page 
2015-08-06 18:35:09,839 INFO  [Basedriver] Navigated to LifeChallenges Channel Page Correctly 
2015-08-06 18:35:10,841 INFO  [Basedriver] Clicking on the Faith Channel of FOTF Home page 
2015-08-06 18:35:13,104 INFO  [Basedriver] Navigated to Faith Channel Page Correctly 
2015-08-06 18:35:14,396 INFO  [Basedriver] Clicking on the Social Channel of FOTF Home page 
2015-08-06 18:35:17,394 INFO  [Basedriver] Navigated to Social Channel Page Correctly 
2015-08-06 18:35:17,395 INFO  [Basedriver] Testcase Execution starts for verify Operation on FOTF Channel Page Featured Content 
2015-08-06 18:35:27,462 INFO  [Basedriver] TestCase Execution Finished for FOTF Media Center Project 
2015-08-06 18:35:27,462 INFO  [Basedriver] Closing Driver 
2015-08-06 18:47:02,345 INFO  [Basedriver]   
2015-08-06 18:47:02,346 INFO  [Basedriver] *******************************************************  
2015-08-06 18:47:02,346 INFO  [Basedriver] TestCase Execution Starts for FOTF Media Center Project 
2015-08-06 18:47:02,346 INFO  [Basedriver] *******************************************************  
2015-08-06 18:47:02,346 INFO  [Basedriver]   
2015-08-06 18:47:02,356 INFO  [Basedriver] Testcase Execution starts for verify Operation on FOTF Home Page Content 
2015-08-06 18:47:02,526 INFO  [Basedriver] FOTF Logo content is available 
2015-08-06 18:47:02,527 INFO  [Basedriver] Testcase Execution starts for click Operation on FOTF Home Page Channel Content 
2015-08-06 18:47:02,740 INFO  [Basedriver] Clicking on the Marriage Channel of FOTF Home page 
2015-08-06 18:47:07,194 INFO  [Basedriver] Navigated to Marriage Channel Page Correctly 
2015-08-06 18:47:07,347 INFO  [Basedriver] Clicking on the Parenting Channel of FOTF Home page 
2015-08-06 18:47:13,571 INFO  [Basedriver] Navigated to Parenting Channel Page Correctly 
2015-08-06 18:47:13,755 INFO  [Basedriver] Clicking on the Lifechallenges Channel of FOTF Home page 
2015-08-06 18:47:16,869 INFO  [Basedriver] Navigated to LifeChallenges Channel Page Correctly 
2015-08-06 18:47:17,021 INFO  [Basedriver] Clicking on the Faith Channel of FOTF Home page 
2015-08-06 18:47:21,013 INFO  [Basedriver] Navigated to Faith Channel Page Correctly 
2015-08-06 18:47:21,170 INFO  [Basedriver] Clicking on the Social Channel of FOTF Home page 
2015-08-06 18:47:24,954 INFO  [Basedriver] Navigated to Social Channel Page Correctly 
2015-08-06 18:47:24,956 INFO  [Basedriver] Testcase Execution starts for verify Operation on FOTF Channel Page Featured Content 
2015-08-06 18:47:41,733 INFO  [Basedriver]   
2015-08-06 18:47:41,733 INFO  [Basedriver] *******************************************************  
2015-08-06 18:47:41,733 INFO  [Basedriver] TestCase Execution Starts for FOTF Media Center Project 
2015-08-06 18:47:41,733 INFO  [Basedriver] *******************************************************  
2015-08-06 18:47:41,733 INFO  [Basedriver]   
2015-08-06 18:47:41,734 INFO  [Basedriver] Testcase Execution starts for verify Operation on FOTF Home Page Content 
2015-08-06 18:47:41,796 INFO  [Basedriver] Testcase Execution starts for click Operation on FOTF Home Page Channel Content 
2015-08-06 18:47:41,870 INFO  [Basedriver] Testcase Execution starts for verify Operation on FOTF Channel Page Featured Content 
2015-08-06 18:47:41,970 INFO  [Basedriver] TestCase Execution Finished for FOTF Media Center Project 
2015-08-06 18:47:41,970 INFO  [Basedriver] Closing Driver 
2015-08-06 18:50:42,093 INFO  [Basedriver]   
2015-08-06 18:50:42,093 INFO  [Basedriver] *******************************************************  
2015-08-06 18:50:42,093 INFO  [Basedriver] TestCase Execution Starts for FOTF Media Center Project 
2015-08-06 18:50:42,093 INFO  [Basedriver] *******************************************************  
2015-08-06 18:50:42,093 INFO  [Basedriver]   
2015-08-06 18:50:42,099 INFO  [Basedriver] Testcase Execution starts for verify Operation on FOTF Home Page Content 
2015-08-06 18:50:42,222 INFO  [Basedriver] FOTF Logo content is available 
2015-08-06 18:50:42,222 INFO  [Basedriver] Testcase Execution starts for click Operation on FOTF Home Page Channel Content 
2015-08-06 18:50:42,404 INFO  [Basedriver] Clicking on the Marriage Channel of FOTF Home page 
2015-08-06 18:50:47,054 INFO  [Basedriver] Navigated to Marriage Channel Page Correctly 
2015-08-06 18:50:47,189 INFO  [Basedriver] Clicking on the Parenting Channel of FOTF Home page 
2015-08-06 18:50:51,895 INFO  [Basedriver] Navigated to Parenting Channel Page Correctly 
2015-08-06 18:50:52,072 INFO  [Basedriver] Clicking on the Lifechallenges Channel of FOTF Home page 
2015-08-06 18:50:56,875 INFO  [Basedriver] Navigated to LifeChallenges Channel Page Correctly 
2015-08-06 18:50:57,068 INFO  [Basedriver] Clicking on the Faith Channel of FOTF Home page 
2015-08-06 18:51:00,163 INFO  [Basedriver] Navigated to Faith Channel Page Correctly 
2015-08-06 18:51:00,327 INFO  [Basedriver] Clicking on the Social Channel of FOTF Home page 
2015-08-06 18:51:04,290 INFO  [Basedriver] Navigated to Social Channel Page Correctly 
2015-08-06 18:51:04,292 INFO  [Basedriver] Testcase Execution starts for verify Operation on FOTF Channel Page Featured Content 
2015-08-06 18:51:22,898 INFO  [Basedriver]   
2015-08-06 18:51:22,899 INFO  [Basedriver] *******************************************************  
2015-08-06 18:51:22,899 INFO  [Basedriver] TestCase Execution Starts for FOTF Media Center Project 
2015-08-06 18:51:22,899 INFO  [Basedriver] *******************************************************  
2015-08-06 18:51:22,899 INFO  [Basedriver]   
2015-08-06 18:51:22,900 INFO  [Basedriver] Testcase Execution starts for verify Operation on FOTF Home Page Content 
2015-08-06 18:51:22,958 INFO  [Basedriver] FOTF Logo content is available 
2015-08-06 18:51:22,959 INFO  [Basedriver] Testcase Execution starts for click Operation on FOTF Home Page Channel Content 
2015-08-06 18:51:23,061 INFO  [Basedriver] Clicking on the Marriage Channel of FOTF Home page 
2015-08-06 18:51:23,732 ERROR [Basedriver] Navigating to Wrong Url 
2015-08-06 18:51:23,732 ERROR [Basedriver] URL: http://www.focusonthefamily.com/ 
2015-08-06 18:51:23,931 INFO  [Basedriver] Clicking on the Parenting Channel of FOTF Home page 
2015-08-06 18:51:25,012 ERROR [Basedriver] Navigating to Wrong Url 
2015-08-06 18:51:25,013 ERROR [Basedriver] URL: http://www.focusonthefamily.com/marriage 
2015-08-06 18:51:25,171 INFO  [Basedriver] Clicking on the Lifechallenges Channel of FOTF Home page 
2015-08-06 18:51:25,738 ERROR [Basedriver] Navigating to Wrong Url 
2015-08-06 18:51:25,738 ERROR [Basedriver] URL: http://www.focusonthefamily.com/parenting 
2015-08-06 18:51:25,853 INFO  [Basedriver] Clicking on the Faith Channel of FOTF Home page 
2015-08-06 18:51:28,035 ERROR [Basedriver] Navigating to Wrong Url 
2015-08-06 18:51:28,035 ERROR [Basedriver] URL: http://www.focusonthefamily.com/lifechallenges 
2015-08-06 18:51:28,106 INFO  [Basedriver] Clicking on the Social Channel of FOTF Home page 
2015-08-06 18:51:28,915 ERROR [Basedriver] Navigating to Wrong Url 
2015-08-06 18:51:28,916 ERROR [Basedriver] URL: http://www.focusonthefamily.com/faith 
2015-08-06 18:51:28,916 INFO  [Basedriver] Testcase Execution starts for verify Operation on FOTF Channel Page Featured Content 
2015-08-06 18:51:41,372 INFO  [Basedriver]   
2015-08-06 18:51:41,372 INFO  [Basedriver] *******************************************************  
2015-08-06 18:51:41,372 INFO  [Basedriver] TestCase Execution Starts for FOTF Media Center Project 
2015-08-06 18:51:41,372 INFO  [Basedriver] *******************************************************  
2015-08-06 18:51:41,372 INFO  [Basedriver]   
2015-08-06 18:51:41,373 INFO  [Basedriver] Testcase Execution starts for verify Operation on FOTF Home Page Content 
2015-08-06 18:51:41,387 INFO  [Basedriver] Testcase Execution starts for click Operation on FOTF Home Page Channel Content 
2015-08-06 18:51:41,402 INFO  [Basedriver] Testcase Execution starts for verify Operation on FOTF Channel Page Featured Content 
2015-08-06 18:51:41,463 INFO  [Basedriver] TestCase Execution Finished for FOTF Media Center Project 
2015-08-06 18:51:41,463 INFO  [Basedriver] Closing Driver 
2015-08-06 18:54:45,325 INFO  [Basedriver]   
2015-08-06 18:54:45,326 INFO  [Basedriver] *******************************************************  
2015-08-06 18:54:45,326 INFO  [Basedriver] TestCase Execution Starts for FOTF Media Center Project 
2015-08-06 18:54:45,326 INFO  [Basedriver] *******************************************************  
2015-08-06 18:54:45,326 INFO  [Basedriver]   
2015-08-06 18:54:45,337 INFO  [Basedriver] Testcase Execution starts for verify Operation on FOTF Home Page Content 
2015-08-06 18:54:45,496 INFO  [Basedriver] FOTF Logo content is available 
2015-08-06 18:54:45,497 INFO  [Basedriver] Testcase Execution starts for click Operation on FOTF Home Page Channel Content 
2015-08-06 18:54:45,696 INFO  [Basedriver] Clicking on the Marriage Channel of FOTF Home page 
2015-08-06 18:54:51,327 INFO  [Basedriver] Navigated to Marriage Channel Page Correctly 
2015-08-06 18:54:51,518 INFO  [Basedriver] Clicking on the Parenting Channel of FOTF Home page 
2015-08-06 18:54:55,370 INFO  [Basedriver] Navigated to Parenting Channel Page Correctly 
2015-08-06 18:54:55,563 INFO  [Basedriver] Clicking on the Lifechallenges Channel of FOTF Home page 
2015-08-06 18:54:59,223 INFO  [Basedriver] Navigated to LifeChallenges Channel Page Correctly 
2015-08-06 18:54:59,371 INFO  [Basedriver] Clicking on the Faith Channel of FOTF Home page 
2015-08-06 18:55:02,663 INFO  [Basedriver] Navigated to Faith Channel Page Correctly 
2015-08-06 18:55:02,837 INFO  [Basedriver] Clicking on the Social Channel of FOTF Home page 
2015-08-06 18:55:08,026 INFO  [Basedriver] Navigated to Social Channel Page Correctly 
2015-08-06 18:55:08,028 INFO  [Basedriver] Testcase Execution starts for verify Operation on FOTF Channel Page Featured Content 
2015-08-06 18:55:18,106 INFO  [Basedriver] TestCase Execution Finished for FOTF Media Center Project 
2015-08-06 18:55:18,106 INFO  [Basedriver] Closing Driver 
2015-08-06 18:55:27,385 INFO  [Basedriver]   
2015-08-06 18:55:27,385 INFO  [Basedriver] *******************************************************  
2015-08-06 18:55:27,385 INFO  [Basedriver] TestCase Execution Starts for FOTF Media Center Project 
2015-08-06 18:55:27,385 INFO  [Basedriver] *******************************************************  
2015-08-06 18:55:27,385 INFO  [Basedriver]   
2015-08-06 18:55:27,387 INFO  [Basedriver] Testcase Execution starts for verify Operation on FOTF Home Page Content 
2015-08-06 18:55:27,460 INFO  [Basedriver] FOTF Logo content is available 
2015-08-06 18:55:27,461 INFO  [Basedriver] Testcase Execution starts for click Operation on FOTF Home Page Channel Content 
2015-08-06 18:55:27,584 INFO  [Basedriver] Clicking on the Marriage Channel of FOTF Home page 
2015-08-06 18:55:31,135 INFO  [Basedriver] Navigated to Marriage Channel Page Correctly 
2015-08-06 18:55:31,218 INFO  [Basedriver] Clicking on the Parenting Channel of FOTF Home page 
2015-08-06 18:55:39,026 ERROR [Basedriver] Navigating to Wrong Url 
2015-08-06 18:55:39,026 ERROR [Basedriver] URL: http://www.focusonthefamily.com/marriage 
2015-08-06 18:55:39,126 INFO  [Basedriver] Clicking on the Lifechallenges Channel of FOTF Home page 
2015-08-06 18:55:40,444 ERROR [Basedriver] Navigating to Wrong Url 
2015-08-06 18:55:40,444 ERROR [Basedriver] URL: http://www.focusonthefamily.com/parenting 
2015-08-06 18:55:40,525 INFO  [Basedriver] Clicking on the Faith Channel of FOTF Home page 
2015-08-06 18:55:42,583 ERROR [Basedriver] Navigating to Wrong Url 
2015-08-06 18:55:42,583 ERROR [Basedriver] URL: http://www.focusonthefamily.com/lifechallenges 
2015-08-06 18:55:42,649 INFO  [Basedriver] Clicking on the Social Channel of FOTF Home page 
2015-08-06 18:55:46,422 ERROR [Basedriver] Navigating to Wrong Url 
2015-08-06 18:55:46,422 ERROR [Basedriver] URL: http://www.focusonthefamily.com/faith 
2015-08-06 18:55:46,422 INFO  [Basedriver] Testcase Execution starts for verify Operation on FOTF Channel Page Featured Content 
2015-08-06 18:55:56,456 INFO  [Basedriver] TestCase Execution Finished for FOTF Media Center Project 
2015-08-06 18:55:56,456 INFO  [Basedriver] Closing Driver 
2015-08-06 18:56:01,559 INFO  [Basedriver]   
2015-08-06 18:56:01,559 INFO  [Basedriver] *******************************************************  
2015-08-06 18:56:01,559 INFO  [Basedriver] TestCase Execution Starts for FOTF Media Center Project 
2015-08-06 18:56:01,559 INFO  [Basedriver] *******************************************************  
2015-08-06 18:56:01,559 INFO  [Basedriver]   
2015-08-06 18:56:01,559 INFO  [Basedriver] Testcase Execution starts for verify Operation on FOTF Home Page Content 
2015-08-06 18:56:01,564 INFO  [Basedriver] Testcase Execution starts for click Operation on FOTF Home Page Channel Content 
2015-08-06 18:56:01,579 INFO  [Basedriver] Testcase Execution starts for verify Operation on FOTF Channel Page Featured Content 
2015-08-06 18:56:01,595 INFO  [Basedriver] TestCase Execution Finished for FOTF Media Center Project 
2015-08-06 18:56:01,595 INFO  [Basedriver] Closing Driver 
2015-08-06 18:59:38,350 INFO  [Basedriver]   
2015-08-06 18:59:38,350 INFO  [Basedriver] *******************************************************  
2015-08-06 18:59:38,350 INFO  [Basedriver] TestCase Execution Starts for FOTF Media Center Project 
2015-08-06 18:59:38,351 INFO  [Basedriver] *******************************************************  
2015-08-06 18:59:38,351 INFO  [Basedriver]   
2015-08-06 18:59:38,358 INFO  [Basedriver] Testcase Execution starts for verify Operation on FOTF Home Page Content 
2015-08-06 18:59:38,373 INFO  [Basedriver] Testcase Execution starts for click Operation on FOTF Home Page Channel Content 
2015-08-06 18:59:38,392 INFO  [Basedriver] Testcase Execution starts for verify Operation on FOTF Channel Page Featured Content 
2015-08-06 18:59:38,415 INFO  [Basedriver] TestCase Execution Finished for FOTF Media Center Project 
2015-08-06 18:59:38,415 INFO  [Basedriver] Closing Driver 
2015-08-06 19:01:16,737 INFO  [Basedriver]   
2015-08-06 19:01:16,737 INFO  [Basedriver] *******************************************************  
2015-08-06 19:01:16,737 INFO  [Basedriver] TestCase Execution Starts for FOTF Media Center Project 
2015-08-06 19:01:16,737 INFO  [Basedriver] *******************************************************  
2015-08-06 19:01:16,737 INFO  [Basedriver]   
2015-08-06 19:01:16,746 INFO  [Basedriver] Testcase Execution starts for verify Operation on FOTF Home Page Content 
2015-08-06 19:01:16,753 INFO  [Basedriver] Testcase Execution starts for click Operation on FOTF Home Page Channel Content 
2015-08-06 19:01:16,769 INFO  [Basedriver] Testcase Execution starts for verify Operation on FOTF Channel Page Featured Content 
2015-08-06 19:01:16,786 INFO  [Basedriver] TestCase Execution Finished for FOTF Media Center Project 
2015-08-06 19:01:16,786 INFO  [Basedriver] Closing Driver 
2015-08-06 19:04:55,675 INFO  [Basedriver]   
2015-08-06 19:04:55,675 INFO  [Basedriver] *******************************************************  
2015-08-06 19:04:55,675 INFO  [Basedriver] TestCase Execution Starts for FOTF Media Center Project 
2015-08-06 19:04:55,675 INFO  [Basedriver] *******************************************************  
2015-08-06 19:04:55,675 INFO  [Basedriver]   
2015-08-06 19:04:55,685 INFO  [Basedriver] Testcase Execution starts for verify Operation on FOTF Home Page Content 
2015-08-06 19:04:55,695 INFO  [Basedriver] Testcase Execution starts for click Operation on FOTF Home Page Channel Content 
2015-08-06 19:04:55,705 INFO  [Basedriver] Testcase Execution starts for verify Operation on FOTF Channel Page Featured Content 
2015-08-06 19:04:55,725 INFO  [Basedriver] TestCase Execution Finished for FOTF Media Center Project 
2015-08-06 19:04:55,725 INFO  [Basedriver] Closing Driver 
2015-08-06 19:07:24,953 INFO  [Basedriver]   
2015-08-06 19:07:24,953 INFO  [Basedriver] *******************************************************  
2015-08-06 19:07:24,953 INFO  [Basedriver] TestCase Execution Starts for FOTF Media Center Project 
2015-08-06 19:07:24,953 INFO  [Basedriver] *******************************************************  
2015-08-06 19:07:24,953 INFO  [Basedriver]   
2015-08-06 19:07:24,963 INFO  [Basedriver] Testcase Execution starts for verify Operation on FOTF Home Page Content 
2015-08-06 19:07:25,053 INFO  [Basedriver] FOTF Logo content is available 
2015-08-06 19:07:25,053 INFO  [Basedriver] Testcase Execution starts for click Operation on FOTF Home Page Channel Content 
2015-08-06 19:07:25,233 INFO  [Basedriver] Clicking on the Marriage Channel of FOTF Home page 
2015-08-06 19:07:28,173 INFO  [Basedriver] Navigated to Marriage Channel Page Correctly 
2015-08-06 19:07:29,073 INFO  [Basedriver] Clicking on the Parenting Channel of FOTF Home page 
2015-08-06 19:07:33,842 INFO  [Basedriver] Navigated to Parenting Channel Page Correctly 
2015-08-06 19:07:34,028 INFO  [Basedriver] Clicking on the Lifechallenges Channel of FOTF Home page 
2015-08-06 19:07:37,338 INFO  [Basedriver] Navigated to LifeChallenges Channel Page Correctly 
2015-08-06 19:07:37,492 INFO  [Basedriver] Clicking on the Faith Channel of FOTF Home page 
2015-08-06 19:07:53,620 INFO  [Basedriver] Navigated to Faith Channel Page Correctly 
2015-08-06 19:07:53,792 INFO  [Basedriver] Clicking on the Social Channel of FOTF Home page 
2015-08-06 19:07:57,183 INFO  [Basedriver] Navigated to Social Channel Page Correctly 
2015-08-06 19:07:57,185 INFO  [Basedriver] Testcase Execution starts for verify Operation on FOTF Channel Page Featured Content 
2015-08-06 19:08:07,269 INFO  [Basedriver] TestCase Execution Finished for FOTF Media Center Project 
2015-08-06 19:08:07,269 INFO  [Basedriver] Closing Driver 
2015-08-06 19:17:14,972 INFO  [Basedriver]   
2015-08-06 19:17:14,972 INFO  [Basedriver] *******************************************************  
2015-08-06 19:17:14,972 INFO  [Basedriver] TestCase Execution Starts for FOTF Media Center Project 
2015-08-06 19:17:14,972 INFO  [Basedriver] *******************************************************  
2015-08-06 19:17:14,972 INFO  [Basedriver]   
2015-08-06 19:17:14,982 INFO  [Basedriver] Testcase Execution starts for verify Operation on FOTF Home Page Content 
2015-08-06 19:17:15,082 INFO  [Basedriver] FOTF Logo content is available 
2015-08-06 19:17:15,082 INFO  [Basedriver] Testcase Execution starts for click Operation on FOTF Home Page Channel Content 
2015-08-06 19:17:15,247 INFO  [Basedriver] Clicking on the Marriage Channel of FOTF Home page 
2015-08-06 19:17:20,410 INFO  [Basedriver] Navigated to Marriage Channel Page Correctly 
2015-08-06 19:17:20,543 INFO  [Basedriver] Clicking on the Parenting Channel of FOTF Home page 
2015-08-06 19:17:24,842 INFO  [Basedriver] Navigated to Parenting Channel Page Correctly 
2015-08-06 19:17:25,016 INFO  [Basedriver] Clicking on the Lifechallenges Channel of FOTF Home page 
2015-08-06 19:17:29,861 INFO  [Basedriver] Navigated to LifeChallenges Channel Page Correctly 
2015-08-06 19:17:30,000 INFO  [Basedriver] Clicking on the Faith Channel of FOTF Home page 
2015-08-06 19:17:33,179 INFO  [Basedriver] Navigated to Faith Channel Page Correctly 
2015-08-06 19:17:33,332 INFO  [Basedriver] Clicking on the Social Channel of FOTF Home page 
2015-08-06 19:18:37,014 INFO  [Basedriver] Navigated to Social Channel Page Correctly 
2015-08-06 19:18:37,016 INFO  [Basedriver] Testcase Execution starts for verify Operation on FOTF Channel Page Featured Content 
2015-08-06 19:18:47,087 INFO  [Basedriver] TestCase Execution Finished for FOTF Media Center Project 
2015-08-06 19:18:47,087 INFO  [Basedriver] Closing Driver 
2015-08-06 19:27:11,339 INFO  [Basedriver]   
2015-08-06 19:27:11,339 INFO  [Basedriver] *******************************************************  
2015-08-06 19:27:11,339 INFO  [Basedriver] TestCase Execution Starts for FOTF Media Center Project 
2015-08-06 19:27:11,339 INFO  [Basedriver] *******************************************************  
2015-08-06 19:27:11,339 INFO  [Basedriver]   
2015-08-06 19:27:11,349 INFO  [Basedriver] Testcase Execution starts for verify Operation on FOTF Home Page Content 
2015-08-06 19:27:11,429 INFO  [Basedriver] FOTF Logo content is available 
2015-08-06 19:27:11,429 INFO  [Basedriver] Testcase Execution starts for click Operation on FOTF Home Page Channel Content 
2015-08-06 19:27:11,629 INFO  [Basedriver] Clicking on the Marriage Channel of FOTF Home page 
2015-08-06 19:27:15,309 INFO  [Basedriver] Navigated to Marriage Channel Page Correctly 
2015-08-06 19:27:15,459 INFO  [Basedriver] Clicking on the Parenting Channel of FOTF Home page 
2015-08-06 19:27:20,162 INFO  [Basedriver] Navigated to Parenting Channel Page Correctly 
2015-08-06 19:27:20,330 INFO  [Basedriver] Clicking on the Lifechallenges Channel of FOTF Home page 
2015-08-06 19:27:24,221 INFO  [Basedriver] Navigated to LifeChallenges Channel Page Correctly 
2015-08-06 19:27:24,352 INFO  [Basedriver] Clicking on the Faith Channel of FOTF Home page 
2015-08-06 19:27:27,740 INFO  [Basedriver] Navigated to Faith Channel Page Correctly 
2015-08-06 19:27:27,903 INFO  [Basedriver] Clicking on the Social Channel of FOTF Home page 
2015-08-06 19:27:33,463 INFO  [Basedriver] Navigated to Social Channel Page Correctly 
2015-08-06 19:27:33,466 INFO  [Basedriver] Testcase Execution starts for verify Operation on FOTF Channel Page Featured Content 
2015-08-06 19:27:43,575 INFO  [Basedriver] TestCase Execution Finished for FOTF Media Center Project 
2015-08-06 19:27:43,575 INFO  [Basedriver] Closing Driver 
2015-08-06 19:32:44,533 INFO  [Basedriver]   
2015-08-06 19:32:44,543 INFO  [Basedriver] *******************************************************  
2015-08-06 19:32:44,543 INFO  [Basedriver] TestCase Execution Starts for FOTF Media Center Project 
2015-08-06 19:32:44,543 INFO  [Basedriver] *******************************************************  
2015-08-06 19:32:44,543 INFO  [Basedriver]   
2015-08-06 19:32:44,543 INFO  [Basedriver] Testcase Execution starts for verify Operation on FOTF Home Page Content 
2015-08-06 19:32:44,713 INFO  [Basedriver] FOTF Logo content is available 
2015-08-06 19:32:44,713 INFO  [Basedriver] Testcase Execution starts for click Operation on FOTF Home Page Channel Content 
2015-08-06 19:32:44,863 INFO  [Basedriver] Clicking on the Marriage Channel of FOTF Home page 
2015-08-06 19:32:48,992 INFO  [Basedriver] Navigated to Marriage Channel Page Correctly 
2015-08-06 19:32:49,142 INFO  [Basedriver] Clicking on the Parenting Channel of FOTF Home page 
2015-08-06 19:32:54,081 INFO  [Basedriver] Navigated to Parenting Channel Page Correctly 
2015-08-06 19:32:54,234 INFO  [Basedriver] Clicking on the Lifechallenges Channel of FOTF Home page 
2015-08-06 19:32:59,264 INFO  [Basedriver] Navigated to LifeChallenges Channel Page Correctly 
2015-08-06 19:32:59,410 INFO  [Basedriver] Clicking on the Faith Channel of FOTF Home page 
2015-08-06 19:33:02,141 INFO  [Basedriver] Navigated to Faith Channel Page Correctly 
2015-08-06 19:33:03,197 INFO  [Basedriver] Clicking on the Social Channel of FOTF Home page 
2015-08-06 19:33:08,221 INFO  [Basedriver] Navigated to Social Channel Page Correctly 
2015-08-06 19:33:08,222 INFO  [Basedriver] Testcase Execution starts for verify Operation on FOTF Channel Page Featured Content 
2015-08-06 19:33:18,309 INFO  [Basedriver] TestCase Execution Finished for FOTF Media Center Project 
2015-08-06 19:33:18,309 INFO  [Basedriver] Closing Driver 
2015-08-06 19:33:31,799 INFO  [Basedriver]   
2015-08-06 19:33:31,800 INFO  [Basedriver] *******************************************************  
2015-08-06 19:33:31,800 INFO  [Basedriver] TestCase Execution Starts for FOTF Media Center Project 
2015-08-06 19:33:31,800 INFO  [Basedriver] *******************************************************  
2015-08-06 19:33:31,800 INFO  [Basedriver]   
2015-08-06 19:33:31,800 INFO  [Basedriver] Testcase Execution starts for verify Operation on FOTF Home Page Content 
2015-08-06 19:33:31,847 INFO  [Basedriver] FOTF Logo content is available 
2015-08-06 19:33:31,847 INFO  [Basedriver] Testcase Execution starts for click Operation on FOTF Home Page Channel Content 
2015-08-06 19:33:31,887 INFO  [Basedriver] Clicking on the Marriage Channel of FOTF Home page 
2015-08-06 19:33:38,689 ERROR [Basedriver] Navigating to Wrong Url 
2015-08-06 19:33:38,690 ERROR [Basedriver] URL: http://www.focusonthefamily.com/ 
2015-08-06 19:33:38,792 INFO  [Basedriver] Clicking on the Parenting Channel of FOTF Home page 
2015-08-06 19:33:46,817 ERROR [Basedriver] Navigating to Wrong Url 
2015-08-06 19:33:46,817 ERROR [Basedriver] URL: http://www.focusonthefamily.com/marriage 
2015-08-06 19:33:46,879 INFO  [Basedriver] Clicking on the Lifechallenges Channel of FOTF Home page 
2015-08-06 19:33:50,520 ERROR [Basedriver] Navigating to Wrong Url 
2015-08-06 19:33:50,520 ERROR [Basedriver] URL: http://www.focusonthefamily.com/parenting 
2015-08-06 19:33:50,591 INFO  [Basedriver] Clicking on the Faith Channel of FOTF Home page 
2015-08-06 19:33:57,892 ERROR [Basedriver] Navigating to Wrong Url 
2015-08-06 19:33:57,892 ERROR [Basedriver] URL: http://www.focusonthefamily.com/lifechallenges 
2015-08-06 19:33:57,979 INFO  [Basedriver] Clicking on the Social Channel of FOTF Home page 
2015-08-06 19:34:03,046 ERROR [Basedriver] Navigating to Wrong Url 
2015-08-06 19:34:03,046 ERROR [Basedriver] URL: http://www.focusonthefamily.com/faith 
2015-08-06 19:34:03,047 INFO  [Basedriver] Testcase Execution starts for verify Operation on FOTF Channel Page Featured Content 
2015-08-06 19:34:13,084 INFO  [Basedriver] TestCase Execution Finished for FOTF Media Center Project 
2015-08-06 19:34:13,084 INFO  [Basedriver] Closing Driver 
2015-08-06 19:52:30,198 INFO  [Basedriver]   
2015-08-06 19:52:30,198 INFO  [Basedriver] *******************************************************  
2015-08-06 19:52:30,198 INFO  [Basedriver] TestCase Execution Starts for FOTF Media Center Project 
2015-08-06 19:52:30,198 INFO  [Basedriver] *******************************************************  
2015-08-06 19:52:30,198 INFO  [Basedriver]   
2015-08-06 19:52:30,198 INFO  [Basedriver] Testcase Execution starts for verify Operation on FOTF Home Page Content 
2015-08-06 19:52:30,318 INFO  [Basedriver] FOTF Logo content is available 
2015-08-06 19:52:30,318 INFO  [Basedriver] Testcase Execution starts for click Operation on FOTF Home Page Channel Content 
2015-08-06 19:52:30,478 INFO  [Basedriver] Clicking on the Marriage Channel of FOTF Home page 
2015-08-06 19:52:35,430 INFO  [Basedriver] Navigated to Marriage Channel Page Correctly 
2015-08-06 19:52:35,570 INFO  [Basedriver] Clicking on the Parenting Channel of FOTF Home page 
2015-08-06 19:52:45,603 INFO  [Basedriver] Navigated to Parenting Channel Page Correctly 
2015-08-06 19:52:45,812 INFO  [Basedriver] Clicking on the Lifechallenges Channel of FOTF Home page 
2015-08-06 19:52:51,095 INFO  [Basedriver] Navigated to LifeChallenges Channel Page Correctly 
2015-08-06 19:52:51,242 INFO  [Basedriver] Clicking on the Faith Channel of FOTF Home page 
2015-08-06 19:52:54,400 INFO  [Basedriver] Navigated to Faith Channel Page Correctly 
2015-08-06 19:52:54,526 INFO  [Basedriver] Clicking on the Social Channel of FOTF Home page 
2015-08-06 19:52:58,395 INFO  [Basedriver] Navigated to Social Channel Page Correctly 
2015-08-06 19:52:58,397 INFO  [Basedriver] Testcase Execution starts for verify Operation on FOTF Channel Page Featured Content 
2015-08-06 19:53:08,459 INFO  [Basedriver] TestCase Execution Finished for FOTF Media Center Project 
2015-08-06 19:53:08,459 INFO  [Basedriver] Closing Driver 
2015-08-06 19:54:26,413 INFO  [Basedriver]   
2015-08-06 19:54:26,413 INFO  [Basedriver] *******************************************************  
2015-08-06 19:54:26,413 INFO  [Basedriver] TestCase Execution Starts for FOTF Media Center Project 
2015-08-06 19:54:26,413 INFO  [Basedriver] *******************************************************  
2015-08-06 19:54:26,413 INFO  [Basedriver]   
2015-08-06 19:54:26,413 INFO  [Basedriver] Testcase Execution starts for verify Operation on FOTF Home Page Content 
2015-08-06 19:54:26,493 INFO  [Basedriver] FOTF Logo content is available 
2015-08-06 19:54:26,503 INFO  [Basedriver] Testcase Execution starts for click Operation on FOTF Home Page Channel Content 
2015-08-06 19:54:26,663 INFO  [Basedriver] Clicking on the Marriage Channel of FOTF Home page 
2015-08-06 19:54:29,985 INFO  [Basedriver] Navigated to Marriage Channel Page Correctly 
2015-08-06 19:54:30,155 INFO  [Basedriver] Clicking on the Parenting Channel of FOTF Home page 
2015-08-06 19:54:34,815 INFO  [Basedriver] Navigated to Parenting Channel Page Correctly 
2015-08-06 19:54:34,980 INFO  [Basedriver] Clicking on the Lifechallenges Channel of FOTF Home page 
2015-08-06 19:54:37,406 INFO  [Basedriver] Navigated to LifeChallenges Channel Page Correctly 
2015-08-06 19:54:38,448 INFO  [Basedriver] Clicking on the Faith Channel of FOTF Home page 
2015-08-06 19:54:41,302 INFO  [Basedriver] Navigated to Faith Channel Page Correctly 
2015-08-06 19:54:42,053 INFO  [Basedriver] Clicking on the Social Channel of FOTF Home page 
2015-08-06 19:54:45,591 INFO  [Basedriver] Navigated to Social Channel Page Correctly 
2015-08-06 19:54:45,593 INFO  [Basedriver] Testcase Execution starts for verify Operation on FOTF Channel Page Featured Content 
2015-08-06 19:54:55,716 INFO  [Basedriver] TestCase Execution Finished for FOTF Media Center Project 
2015-08-06 19:54:55,716 INFO  [Basedriver] Closing Driver 
2015-08-06 20:14:41,274 INFO  [Basedriver]   
2015-08-06 20:14:41,274 INFO  [Basedriver] *******************************************************  
2015-08-06 20:14:41,274 INFO  [Basedriver] TestCase Execution Starts for FOTF Media Center Project 
2015-08-06 20:14:41,274 INFO  [Basedriver] *******************************************************  
2015-08-06 20:14:41,274 INFO  [Basedriver]   
2015-08-06 20:14:41,274 INFO  [Basedriver] Testcase Execution starts for verify Operation on FOTF Home Page Content 
2015-08-06 20:14:41,436 INFO  [Basedriver] FOTF Logo content is available 
2015-08-06 20:14:41,436 INFO  [Basedriver] Testcase Execution starts for click Operation on FOTF Home Page Channel Content 
2015-08-06 20:14:41,683 INFO  [Basedriver] Clicking on the Marriage Channel of FOTF Home page 
2015-08-06 20:14:47,093 INFO  [Basedriver] Navigated to Marriage Channel Page Correctly 
2015-08-06 20:14:47,346 INFO  [Basedriver] Clicking on the Parenting Channel of FOTF Home page 
2015-08-06 20:14:59,529 INFO  [Basedriver] Navigated to Parenting Channel Page Correctly 
2015-08-06 20:14:59,869 INFO  [Basedriver] Clicking on the Lifechallenges Channel of FOTF Home page 
2015-08-06 20:15:04,971 INFO  [Basedriver] Navigated to LifeChallenges Channel Page Correctly 
2015-08-06 20:15:05,187 INFO  [Basedriver] Clicking on the Faith Channel of FOTF Home page 
2015-08-06 20:15:09,240 INFO  [Basedriver] Navigated to Faith Channel Page Correctly 
2015-08-06 20:15:09,509 INFO  [Basedriver] Clicking on the Social Channel of FOTF Home page 
2015-08-06 20:15:14,315 INFO  [Basedriver] Navigated to Social Channel Page Correctly 
2015-08-06 20:15:14,317 INFO  [Basedriver] Testcase Execution starts for verify Operation on FOTF Channel Page Featured Content 
2015-08-06 20:15:24,391 INFO  [Basedriver] TestCase Execution Finished for FOTF Media Center Project 
2015-08-06 20:15:24,391 INFO  [Basedriver] Closing Driver 
2015-08-06 20:15:36,768 INFO  [Basedriver]   
2015-08-06 20:15:36,768 INFO  [Basedriver] *******************************************************  
2015-08-06 20:15:36,768 INFO  [Basedriver] TestCase Execution Starts for FOTF Media Center Project 
2015-08-06 20:15:36,768 INFO  [Basedriver] *******************************************************  
2015-08-06 20:15:36,768 INFO  [Basedriver]   
2015-08-06 20:15:36,769 INFO  [Basedriver] Testcase Execution starts for verify Operation on FOTF Home Page Content 
2015-08-06 20:15:36,841 INFO  [Basedriver] FOTF Logo content is available 
2015-08-06 20:15:36,842 INFO  [Basedriver] Testcase Execution starts for click Operation on FOTF Home Page Channel Content 
2015-08-06 20:15:37,014 INFO  [Basedriver] Clicking on the Marriage Channel of FOTF Home page 
2015-08-06 20:15:40,640 INFO  [Basedriver] Navigated to Marriage Channel Page Correctly 
2015-08-06 20:15:40,726 INFO  [Basedriver] Clicking on the Parenting Channel of FOTF Home page 
2015-08-06 20:15:45,932 ERROR [Basedriver] Navigating to Wrong Url 
2015-08-06 20:15:45,933 ERROR [Basedriver] URL: http://www.focusonthefamily.com/marriage 
2015-08-06 20:15:46,062 INFO  [Basedriver] Clicking on the Lifechallenges Channel of FOTF Home page 
2015-08-06 20:15:49,021 ERROR [Basedriver] Navigating to Wrong Url 
2015-08-06 20:15:49,021 ERROR [Basedriver] URL: http://www.focusonthefamily.com/parenting 
2015-08-06 20:15:49,135 INFO  [Basedriver] Clicking on the Faith Channel of FOTF Home page 
2015-08-06 20:15:51,905 ERROR [Basedriver] Navigating to Wrong Url 
2015-08-06 20:15:51,905 ERROR [Basedriver] URL: http://www.focusonthefamily.com/lifechallenges 
2015-08-06 20:15:52,009 INFO  [Basedriver] Clicking on the Social Channel of FOTF Home page 
2015-08-06 20:15:55,166 ERROR [Basedriver] Navigating to Wrong Url 
2015-08-06 20:15:55,166 ERROR [Basedriver] URL: http://www.focusonthefamily.com/faith 
2015-08-06 20:15:55,167 INFO  [Basedriver] Testcase Execution starts for verify Operation on FOTF Channel Page Featured Content 
2015-08-06 20:16:05,238 INFO  [Basedriver] TestCase Execution Finished for FOTF Media Center Project 
2015-08-06 20:16:05,238 INFO  [Basedriver] Closing Driver 
2015-08-06 20:17:02,857 INFO  [Basedriver]   
2015-08-06 20:17:02,857 INFO  [Basedriver] *******************************************************  
2015-08-06 20:17:02,857 INFO  [Basedriver] TestCase Execution Starts for FOTF Media Center Project 
2015-08-06 20:17:02,857 INFO  [Basedriver] *******************************************************  
2015-08-06 20:17:02,857 INFO  [Basedriver]   
2015-08-06 20:17:02,862 INFO  [Basedriver] Testcase Execution starts for verify Operation on FOTF Home Page Content 
2015-08-06 20:17:03,072 INFO  [Basedriver] FOTF Logo content is available 
2015-08-06 20:17:03,073 INFO  [Basedriver] Testcase Execution starts for click Operation on FOTF Home Page Channel Content 
2015-08-06 20:17:03,301 INFO  [Basedriver] Clicking on the Marriage Channel of FOTF Home page 
2015-08-06 20:17:08,302 INFO  [Basedriver] Navigated to Marriage Channel Page Correctly 
2015-08-06 20:17:08,492 INFO  [Basedriver] Clicking on the Parenting Channel of FOTF Home page 
2015-08-06 20:17:19,922 INFO  [Basedriver] Navigated to Parenting Channel Page Correctly 
2015-08-06 20:17:20,162 INFO  [Basedriver] Clicking on the Lifechallenges Channel of FOTF Home page 
2015-08-06 20:17:23,272 INFO  [Basedriver] Navigated to LifeChallenges Channel Page Correctly 
2015-08-06 20:17:24,099 INFO  [Basedriver] Clicking on the Faith Channel of FOTF Home page 
2015-08-06 20:17:28,726 INFO  [Basedriver] Navigated to Faith Channel Page Correctly 
2015-08-06 20:17:28,918 INFO  [Basedriver] Clicking on the Social Channel of FOTF Home page 
2015-08-06 20:17:32,656 INFO  [Basedriver] Navigated to Social Channel Page Correctly 
2015-08-06 20:17:32,659 INFO  [Basedriver] Testcase Execution starts for verify Operation on FOTF Channel Page Featured Content 
2015-08-06 20:17:42,821 INFO  [Basedriver] TestCase Execution Finished for FOTF Media Center Project 
2015-08-06 20:17:42,822 INFO  [Basedriver] Closing Driver 
2015-08-06 20:17:54,248 INFO  [Basedriver]   
2015-08-06 20:17:54,248 INFO  [Basedriver] *******************************************************  
2015-08-06 20:17:54,249 INFO  [Basedriver] TestCase Execution Starts for FOTF Media Center Project 
2015-08-06 20:17:54,249 INFO  [Basedriver] *******************************************************  
2015-08-06 20:17:54,249 INFO  [Basedriver]   
2015-08-06 20:17:54,249 INFO  [Basedriver] Testcase Execution starts for verify Operation on FOTF Home Page Content 
2015-08-06 20:17:54,329 INFO  [Basedriver] FOTF Logo content is available 
2015-08-06 20:17:54,330 INFO  [Basedriver] Testcase Execution starts for click Operation on FOTF Home Page Channel Content 
2015-08-06 20:17:54,445 INFO  [Basedriver] Clicking on the Marriage Channel of FOTF Home page 
2015-08-06 20:17:57,592 ERROR [Basedriver] Navigating to Wrong Url 
2015-08-06 20:17:57,592 ERROR [Basedriver] URL: http://www.focusonthefamily.com/ 
2015-08-06 20:17:57,782 INFO  [Basedriver] Clicking on the Parenting Channel of FOTF Home page 
2015-08-06 20:17:58,619 ERROR [Basedriver] Navigating to Wrong Url 
2015-08-06 20:17:58,619 ERROR [Basedriver] URL: http://www.focusonthefamily.com/marriage 
2015-08-06 20:17:58,829 INFO  [Basedriver] Clicking on the Lifechallenges Channel of FOTF Home page 
2015-08-06 20:17:59,788 ERROR [Basedriver] Navigating to Wrong Url 
2015-08-06 20:17:59,789 ERROR [Basedriver] URL: http://www.focusonthefamily.com/parenting 
2015-08-06 20:18:00,096 INFO  [Basedriver] Clicking on the Faith Channel of FOTF Home page 
2015-08-06 20:18:02,391 ERROR [Basedriver] Navigating to Wrong Url 
2015-08-06 20:18:02,392 ERROR [Basedriver] URL: http://www.focusonthefamily.com/lifechallenges 
2015-08-06 20:18:02,509 INFO  [Basedriver] Clicking on the Social Channel of FOTF Home page 
2015-08-06 20:18:03,309 ERROR [Basedriver] Navigating to Wrong Url 
2015-08-06 20:18:03,309 ERROR [Basedriver] URL: http://www.focusonthefamily.com/faith 
2015-08-06 20:18:03,310 INFO  [Basedriver] Testcase Execution starts for verify Operation on FOTF Channel Page Featured Content 
2015-08-06 20:18:13,370 INFO  [Basedriver] TestCase Execution Finished for FOTF Media Center Project 
2015-08-06 20:18:13,370 INFO  [Basedriver] Closing Driver 
2015-08-06 20:57:06,734 INFO  [Basedriver]   
2015-08-06 20:57:06,734 INFO  [Basedriver] *******************************************************  
2015-08-06 20:57:06,734 INFO  [Basedriver] TestCase Execution Starts for FOTF Media Center Project 
2015-08-06 20:57:06,734 INFO  [Basedriver] *******************************************************  
2015-08-06 20:57:06,734 INFO  [Basedriver]   
2015-08-06 20:57:06,734 INFO  [Basedriver] Testcase Execution starts for verify Operation on FOTF Home Page Content 
2015-08-06 20:57:06,824 INFO  [Basedriver] FOTF Logo content is available 
2015-08-06 20:57:06,824 INFO  [Basedriver] Testcase Execution starts for click Operation on FOTF Home Page Channel Content 
2015-08-06 20:57:07,054 INFO  [Basedriver] Clicking on the Marriage Channel of FOTF Home page 
2015-08-06 20:57:09,456 INFO  [Basedriver] Navigated to Marriage Channel Page Correctly 
2015-08-06 20:57:10,456 INFO  [Basedriver] Clicking on the Parenting Channel of FOTF Home page 
2015-08-06 20:57:15,146 INFO  [Basedriver] Navigated to Parenting Channel Page Correctly 
2015-08-06 20:57:15,320 INFO  [Basedriver] Clicking on the Lifechallenges Channel of FOTF Home page 
2015-08-06 20:57:18,659 INFO  [Basedriver] Navigated to LifeChallenges Channel Page Correctly 
2015-08-06 20:57:18,816 INFO  [Basedriver] Clicking on the Faith Channel of FOTF Home page 
2015-08-06 20:57:21,832 INFO  [Basedriver] Navigated to Faith Channel Page Correctly 
2015-08-06 20:57:21,995 INFO  [Basedriver] Clicking on the Social Channel of FOTF Home page 
2015-08-06 20:57:27,732 INFO  [Basedriver] Navigated to Social Channel Page Correctly 
2015-08-06 20:57:27,733 INFO  [Basedriver] Testcase Execution starts for verify Operation on FOTF Channel Page Featured Content 
2015-08-06 20:57:37,781 INFO  [Basedriver] TestCase Execution Finished for FOTF Media Center Project 
2015-08-06 20:57:37,781 INFO  [Basedriver] Closing Driver 
2015-08-06 20:58:30,259 INFO  [Basedriver]   
2015-08-06 20:58:30,260 INFO  [Basedriver] *******************************************************  
2015-08-06 20:58:30,260 INFO  [Basedriver] TestCase Execution Starts for FOTF Media Center Project 
2015-08-06 20:58:30,260 INFO  [Basedriver] *******************************************************  
2015-08-06 20:58:30,260 INFO  [Basedriver]   
2015-08-06 20:58:30,260 INFO  [Basedriver] Testcase Execution starts for verify Operation on FOTF Home Page Content 
2015-08-06 20:58:30,293 INFO  [Basedriver] FOTF Logo content is available 
2015-08-06 20:58:30,293 INFO  [Basedriver] Testcase Execution starts for click Operation on FOTF Home Page Channel Content 
2015-08-06 20:58:30,333 INFO  [Basedriver] Clicking on the Marriage Channel of FOTF Home page 
2015-08-06 20:58:34,404 ERROR [Basedriver] Navigating to Wrong Url 
2015-08-06 20:58:34,404 ERROR [Basedriver] URL: http://www.focusonthefamily.com/ 
2015-08-06 20:58:34,458 INFO  [Basedriver] Clicking on the Parenting Channel of FOTF Home page 
2015-08-06 20:58:35,584 ERROR [Basedriver] Navigating to Wrong Url 
2015-08-06 20:58:35,584 ERROR [Basedriver] URL: http://www.focusonthefamily.com/marriage 
2015-08-06 20:58:35,683 INFO  [Basedriver] Clicking on the Lifechallenges Channel of FOTF Home page 
2015-08-06 20:58:36,230 ERROR [Basedriver] Navigating to Wrong Url 
2015-08-06 20:58:36,230 ERROR [Basedriver] URL: http://www.focusonthefamily.com/parenting 
2015-08-06 20:58:36,321 INFO  [Basedriver] Clicking on the Faith Channel of FOTF Home page 
2015-08-06 20:58:38,577 ERROR [Basedriver] Navigating to Wrong Url 
2015-08-06 20:58:38,578 ERROR [Basedriver] URL: http://www.focusonthefamily.com/lifechallenges 
2015-08-06 20:58:38,663 INFO  [Basedriver] Clicking on the Social Channel of FOTF Home page 
2015-08-06 20:58:39,517 ERROR [Basedriver] Navigating to Wrong Url 
2015-08-06 20:58:39,517 ERROR [Basedriver] URL: http://www.focusonthefamily.com/faith 
2015-08-06 20:58:39,517 INFO  [Basedriver] Testcase Execution starts for verify Operation on FOTF Channel Page Featured Content 
2015-08-06 20:58:49,565 INFO  [Basedriver] TestCase Execution Finished for FOTF Media Center Project 
2015-08-06 20:58:49,565 INFO  [Basedriver] Closing Driver 
2015-08-06 21:00:00,392 INFO  [Basedriver]   
2015-08-06 21:00:00,392 INFO  [Basedriver] *******************************************************  
2015-08-06 21:00:00,392 INFO  [Basedriver] TestCase Execution Starts for FOTF Media Center Project 
2015-08-06 21:00:00,392 INFO  [Basedriver] *******************************************************  
2015-08-06 21:00:00,392 INFO  [Basedriver]   
2015-08-06 21:00:00,402 INFO  [Basedriver] Testcase Execution starts for verify Operation on FOTF Home Page Content 
2015-08-06 21:00:00,582 INFO  [Basedriver] FOTF Logo content is available 
2015-08-06 21:00:00,582 INFO  [Basedriver] Testcase Execution starts for click Operation on FOTF Home Page Channel Content 
2015-08-06 21:00:00,772 INFO  [Basedriver] Clicking on the Marriage Channel of FOTF Home page 
2015-08-06 21:00:05,108 INFO  [Basedriver] Navigated to Marriage Channel Page Correctly 
2015-08-06 21:00:05,268 INFO  [Basedriver] Clicking on the Parenting Channel of FOTF Home page 
2015-08-06 21:00:10,348 INFO  [Basedriver] Navigated to Parenting Channel Page Correctly 
2015-08-06 21:00:10,533 INFO  [Basedriver] Clicking on the Lifechallenges Channel of FOTF Home page 
2015-08-06 21:00:13,223 INFO  [Basedriver] Navigated to LifeChallenges Channel Page Correctly 
2015-08-06 21:00:13,385 INFO  [Basedriver] Clicking on the Faith Channel of FOTF Home page 
2015-08-06 21:00:16,967 INFO  [Basedriver] Navigated to Faith Channel Page Correctly 
2015-08-06 21:00:17,152 INFO  [Basedriver] Clicking on the Social Channel of FOTF Home page 
2015-08-06 21:00:19,913 INFO  [Basedriver] Navigated to Social Channel Page Correctly 
2015-08-06 21:00:19,915 INFO  [Basedriver] Testcase Execution starts for verify Operation on FOTF Channel Page Featured Content 
2015-08-06 21:00:29,963 INFO  [Basedriver] TestCase Execution Finished for FOTF Media Center Project 
2015-08-06 21:00:29,963 INFO  [Basedriver] Closing Driver 
